[2025-11-10T14:01:53.099709] === AUTOCAD SESSION STARTED ===
[2025-11-10T14:01:53.099943] Time: 2025-Nov-10 14:01:53
[2025-11-10T14:01:53.100070] Drawing: Drawing1.dwg
[2025-11-10T14:01:53.100189] === COMMAND BRIDGE LOADED ===
[2025-11-10T14:02:51.481472] TEST: Command Bridge connection test
[2025-11-10T14:02:51.483407] TEST: If you see this, monitoring is working!
[2025-11-10T14:02:51.485534] SUCCESS: Test complete
[2025-11-10T14:36:04.739737] [14:36:04] [INIT] Badge Detection V5 loaded successfully
[2025-11-15T13:15:18.213959] === AUTOCAD SESSION STARTED ===
[2025-11-15T13:15:18.214501] Time: 2025-Nov-15 13:13:28
[2025-11-15T13:15:18.214731] Drawing: Drawing1.dwg
[2025-11-15T13:15:18.215127] === COMMAND BRIDGE LOADED ===
[2025-11-15T13:15:18.215251] === TEST SESSION STARTED ===
[2025-11-15T13:15:18.215367] Time: 2025-Nov-15 13:13:48
[2025-11-15T13:15:18.215464] Drawing: TestDrawing.dwg
[2025-11-15T13:15:18.215560] TEST: Command Bridge connection test
[2025-11-15T13:15:18.215659] TEST: If you see this, monitoring is working!
[2025-11-15T13:15:18.216151] SUCCESS: Test complete
[2025-11-15T13:15:18.216983] DETECT-PL: Starting circle detection for PL badges
[2025-11-15T13:15:18.217104] FOUND: 5 circles in drawing
[2025-11-15T13:15:18.217211] PL Badge #1 - Layer: 0, Center: (100.00,200.00), Radius: 10.00
[2025-11-15T13:15:18.217445] PL Badge #2 - Layer: 0, Center: (150.00,250.00), Radius: 12.50
[2025-11-15T13:15:18.217577] SUCCESS: Detected 5 potential PL badges
[2025-11-15T13:15:18.217807] DETECT-MW: Starting rectangle detection for MW badges
[2025-11-15T13:15:18.218128] FOUND: 3 potential rectangles
[2025-11-15T13:15:18.218500] MW Badge #1 - Layer: 0
[2025-11-15T13:15:18.218602] SUCCESS: Found 3 MW badges
[2025-11-15T13:15:18.218693] EXPORT: Starting badge export to CSV
[2025-11-15T13:15:18.218796] SUCCESS: Exported badges to C:\Users\cory\OneDrive\_Feature_Millwork\Command Bridge\Logs\badges.csv
[2025-11-15T13:15:18.218851] CMD-START: LINE
[2025-11-15T13:15:18.218900] CMD-END: LINE
[2025-11-15T13:15:18.218992] CMD-START: CIRCLE
[2025-11-15T13:15:18.219080] CMD-END: CIRCLE
[2025-11-15T13:15:18.219167] STATUS: Command Bridge status checked
[2025-11-15T13:15:18.219256] MONITOR: Command monitoring ENABLED
[2025-11-15T13:15:18.219352] MONITOR: Command monitoring DISABLED
[2025-11-15T13:15:18.219472] TEST: File write permission verified
[2025-11-15T13:15:18.219563] TEST: Command Bridge connection test
[2025-11-15T13:15:18.219652] TEST: If you see this, monitoring is working!
[2025-11-15T13:15:18.219739] SUCCESS: Test complete
[2025-11-15T13:42:17.620777] === AUTOCAD SESSION STARTED ===
[2025-11-15T13:42:17.620912] Time: 2025-Nov-15 13:35:38
[2025-11-15T13:42:17.620926] Drawing: Drawing1.dwg
[2025-11-15T13:42:17.620935] === COMMAND BRIDGE LOADED ===
[2025-11-15T13:42:17.620943] TEST: Command Bridge connection test
[2025-11-15T13:42:17.620952] TEST: If you see this, monitoring is working!
[2025-11-15T13:42:17.620959] SUCCESS: Test complete
[2025-11-15T13:42:17.620966] TEST: Command Bridge connection test
[2025-11-15T13:42:17.620973] TEST: If you see this, monitoring is working!
[2025-11-15T13:42:17.620980] SUCCESS: Test complete
[2025-11-15T13:42:17.620987] TEST: Command Bridge connection test
[2025-11-15T13:42:17.620994] TEST: If you see this, monitoring is working!
[2025-11-15T13:42:17.621000] SUCCESS: Test complete
[2025-11-15T13:42:17.621007] === TEST SESSION STARTED ===
[2025-11-15T13:42:17.621014] Time: 2025-Nov-15 13:40:18
[2025-11-15T13:42:17.621020] Drawing: TestDrawing.dwg
[2025-11-15T13:42:17.621027] TEST: Command Bridge connection test
[2025-11-15T13:42:17.621034] TEST: If you see this, monitoring is working!
[2025-11-15T13:42:17.621041] SUCCESS: Test complete
[2025-11-15T13:42:17.621048] CMD-START: LINE
[2025-11-15T13:42:17.621054] CMD-END: LINE
[2025-11-15T13:42:17.621061] CMD-START: CIRCLE
[2025-11-15T13:42:17.621068] CMD-END: CIRCLE
[2025-11-15T13:42:17.621075] STATUS: Command Bridge status checked
[2025-11-15T13:42:17.621082] MONITOR: Command monitoring ENABLED
[2025-11-15T13:42:17.621116] MONITOR: Command monitoring DISABLED
[2025-11-15T13:42:17.621125] TEST: File write permission verified
[2025-11-15T13:42:17.621132] TEST: Command Bridge connection test
[2025-11-15T13:42:17.621139] TEST: If you see this, monitoring is working!
[2025-11-15T13:42:17.621145] SUCCESS: Test complete
[2025-11-15T13:42:35.950273] === AUTOCAD SESSION STARTED ===
[2025-11-15T13:42:35.950305] Time: 2025-Nov-15 13:35:38
[2025-11-15T13:42:35.950316] Drawing: Drawing1.dwg
[2025-11-15T13:42:35.950325] === COMMAND BRIDGE LOADED ===
[2025-11-15T13:42:35.950333] TEST: Command Bridge connection test
[2025-11-15T13:42:35.950341] TEST: If you see this, monitoring is working!
[2025-11-15T13:42:35.950349] SUCCESS: Test complete
[2025-11-15T13:42:35.950357] TEST: Command Bridge connection test
[2025-11-15T13:42:35.950364] TEST: If you see this, monitoring is working!
[2025-11-15T13:42:35.950370] SUCCESS: Test complete
[2025-11-15T13:42:35.950378] TEST: Command Bridge connection test
[2025-11-15T13:42:35.950385] TEST: If you see this, monitoring is working!
[2025-11-15T13:42:35.950392] SUCCESS: Test complete
[2025-11-15T13:42:35.950399] === TEST SESSION STARTED ===
[2025-11-15T13:42:35.950406] Time: 2025-Nov-15 13:40:18
[2025-11-15T13:42:35.950413] Drawing: TestDrawing.dwg
[2025-11-15T13:42:35.950419] TEST: Command Bridge connection test
[2025-11-15T13:42:35.950426] TEST: If you see this, monitoring is working!
[2025-11-15T13:42:35.950433] SUCCESS: Test complete
[2025-11-15T13:42:35.950440] CMD-START: LINE
[2025-11-15T13:42:35.950446] CMD-END: LINE
[2025-11-15T13:42:35.950453] CMD-START: CIRCLE
[2025-11-15T13:42:35.950460] CMD-END: CIRCLE
[2025-11-15T13:42:35.950467] STATUS: Command Bridge status checked
[2025-11-15T13:42:35.950474] MONITOR: Command monitoring ENABLED
[2025-11-15T13:42:35.950482] MONITOR: Command monitoring DISABLED
[2025-11-15T13:42:35.950489] TEST: File write permission verified
[2025-11-15T13:42:35.950496] TEST: Command Bridge connection test
[2025-11-15T13:42:35.950503] TEST: If you see this, monitoring is working!
[2025-11-15T13:42:35.950509] SUCCESS: Test complete
[2025-11-15T13:43:23.357183] === AUTOCAD SESSION STARTED ===
[2025-11-15T13:43:23.357262] Time: 2025-Nov-15 13:43:22
[2025-11-15T13:43:23.357274] Drawing: Drawing1.dwg
[2025-11-15T13:43:23.357285] === COMMAND BRIDGE LOADED ===
[2025-11-15T13:43:27.279775] TEST: Command Bridge connection test
[2025-11-15T13:43:27.279809] TEST: If you see this, monitoring is working!
[2025-11-15T13:43:27.279819] SUCCESS: Test complete
[2025-11-15T13:43:27.317487] === AUTOCAD SESSION STARTED ===
[2025-11-15T13:43:27.317522] Time: 2025-Nov-15 13:43:22
[2025-11-15T13:43:27.317533] Drawing: Drawing1.dwg
[2025-11-15T13:43:27.317544] === COMMAND BRIDGE LOADED ===
[2025-11-15T13:43:27.317551] TEST: Command Bridge connection test
[2025-11-15T13:43:27.317560] TEST: If you see this, monitoring is working!
[2025-11-15T13:43:27.317570] SUCCESS: Test complete
[2025-11-15T13:46:17.247592] TEST: Command Bridge connection test
[2025-11-15T13:46:17.247615] TEST: If you see this, monitoring is working!
[2025-11-15T13:46:17.247622] SUCCESS: Test complete
[2025-11-15T13:46:17.314191] TEST: Command Bridge connection test
[2025-11-15T13:46:17.314228] TEST: If you see this, monitoring is working!
[2025-11-15T13:46:17.314248] SUCCESS: Test complete
[2025-11-15T13:47:36.127574] === AUTOCAD SESSION STARTED ===
[2025-11-15T13:47:36.127605] Time: 2025-Nov-15 13:43:22
[2025-11-15T13:47:36.127617] Drawing: Drawing1.dwg
[2025-11-15T13:47:36.127626] === COMMAND BRIDGE LOADED ===
[2025-11-15T13:47:36.127633] TEST: Command Bridge connection test
[2025-11-15T13:47:36.127641] TEST: If you see this, monitoring is working!
[2025-11-15T13:47:36.127648] SUCCESS: Test complete
[2025-11-15T13:47:36.127655] TEST: Command Bridge connection test
[2025-11-15T13:47:36.127662] TEST: If you see this, monitoring is working!
[2025-11-15T13:47:36.127668] SUCCESS: Test complete
[2025-11-15T13:48:25.332884] === AUTOCAD SESSION STARTED ===
[2025-11-15T13:48:25.332951] Time: 2025-Nov-15 13:48:21
[2025-11-15T13:48:25.332965] Drawing: Drawing1.dwg
[2025-11-15T13:48:25.332975] === COMMAND BRIDGE LOADED ===
[2025-11-15T13:48:25.332984] TEST: Command Bridge connection test
[2025-11-15T13:48:25.332994] TEST: If you see this, monitoring is working!
[2025-11-15T13:48:25.333004] SUCCESS: Test complete
[2025-11-15T13:48:25.333781] === AUTOCAD SESSION STARTED ===
[2025-11-15T13:48:25.333799] Time: 2025-Nov-15 13:48:21
[2025-11-15T13:48:25.333808] Drawing: Drawing1.dwg
[2025-11-15T13:48:25.333817] === COMMAND BRIDGE LOADED ===
[2025-11-15T13:48:25.333825] TEST: Command Bridge connection test
[2025-11-15T13:48:25.333835] TEST: If you see this, monitoring is working!
[2025-11-15T13:48:25.333843] SUCCESS: Test complete
[2025-11-15T13:48:25.351757] === AUTOCAD SESSION STARTED ===
[2025-11-15T13:48:25.351780] Time: 2025-Nov-15 13:48:21
[2025-11-15T13:48:25.351789] Drawing: Drawing1.dwg
[2025-11-15T13:48:25.351797] === COMMAND BRIDGE LOADED ===
[2025-11-15T13:48:25.351806] TEST: Command Bridge connection test
[2025-11-15T13:48:25.351814] TEST: If you see this, monitoring is working!
[2025-11-15T13:48:25.351822] SUCCESS: Test complete
[2025-11-15T13:50:33.934203] DIAGNOSTIC: Test write at 2025-11-15T13:50:33.864137
[2025-11-15T13:50:33.939413] DIAGNOSTIC: Test write at 2025-11-15T13:50:33.864137
[2025-11-15T13:51:26.183618] TEST: Command Bridge connection test
[2025-11-15T13:51:26.183645] TEST: If you see this, monitoring is working!
[2025-11-15T13:51:26.183655] SUCCESS: Test complete
[2025-11-15T13:51:26.185109] TEST: Command Bridge connection test
[2025-11-15T13:51:26.185140] TEST: If you see this, monitoring is working!
[2025-11-15T13:51:26.185150] SUCCESS: Test complete
[2025-11-15T13:51:26.185334] TEST: Command Bridge connection test
[2025-11-15T13:51:26.185358] TEST: If you see this, monitoring is working!
[2025-11-15T13:51:26.185367] SUCCESS: Test complete
[2025-11-15T14:10:07.584555] TEST: Command Bridge connection test
[2025-11-15T14:10:07.584583] TEST: If you see this, monitoring is working!
[2025-11-15T14:10:07.584592] SUCCESS: Test complete
[2025-11-15T14:10:07.585598] TEST: Command Bridge connection test
[2025-11-15T14:10:07.585609] TEST: Command Bridge connection test
orking!
[2025-11-15T14:10:07.585623] SUCCESS: Test complete
[2025-11-15T14:10:07.585631] TEST: If you see this, monitoring is working!
[2025-11-15T14:10:07.585641] SUCCESS: Test complete
[2025-11-15T15:34:56.185507] TEST: Command Bridge connection test
[2025-11-15T15:34:56.186843] TEST: If you see this, monitoring is working!
[2025-11-15T15:34:56.187249] SUCCESS: Test complete
[2025-11-15T15:34:56.235389] TEST: Command Bridge connection test
[2025-11-15T15:34:56.235963] TEST: If you see this, monitoring is working!
15T15:34:56.236213] TEST: If you see this, monitoring is working!
[2025-11-15T15:34:56.236370] SUCCESS: Test complete
[2025-11-15T15:34:56.236875] SUCCESS: Test complete
[2025-11-16T07:12:09.622941] MONITOR: Command monitoring ENABLED
[2025-11-16T07:12:09.624695] MONITOR: Command monitoring ENABLED
[2025-11-16T07:12:21.790226] CMD-START: STATUS
[2025-11-16T07:12:30.629433] CMD-END: STATUS
[2025-11-16T07:12:30.631102] CMD-END: STATUS
[2025-11-16T07:23:43.087822] CMD-START: QUIT
[2025-11-16T07:23:45.702447] CMD-END: QUIT
[2025-11-16T07:23:45.702777] CMD-END: QUIT
[2025-11-16T07:23:45.702929] CMD-END: QUIT
[2025-11-16T07:24:20.973978] === AUTOCAD SESSION STARTED ===
[2025-11-16T07:24:20.974113] Time: 2025-Nov-16 07:24:13
[2025-11-16T07:24:20.974182] Drawing: Drawing1.dwg
[2025-11-16T07:24:20.974231] === COMMAND BRIDGE LOADED ===
[2025-11-16T07:24:20.974276] TEST: Command Bridge connection test
[2025-11-16T07:24:20.974316] TEST: If you see this, monitoring is working!
[2025-11-16T07:24:20.974354] SUCCESS: Test complete
[2025-11-16T07:24:20.975578] === AUTOCAD SESSION STARTED ===
[2025-11-16T07:24:20.975716] Time: 2025-Nov-16 07:24:13
[2025-11-16T07:24:20.975773] Drawing: Drawing1.dwg
[2025-11-16T07:24:20.975823] === COMMAND BRIDGE LOADED ===
[2025-11-16T07:24:20.975870] TEST: Command Bridge connection test
[2025-11-16T07:24:20.975881] TEST: If you see this, monitoring is working!
[2025-11-16T07:24:20.975889] SUCCESS: Test complete
[2025-11-16T07:24:20.976043] === AUTOCAD SESSION STARTED ===
[2025-11-16T07:24:20.976059] Time: 2025-Nov-16 07:24:13
[2025-11-16T07:24:20.976067] Drawing: Drawing1.dwg
[2025-11-16T07:24:20.976075] === COMMAND BRIDGE LOADED ===
[2025-11-16T07:24:20.976097] TEST: Command Bridge connection test
[2025-11-16T07:24:20.976108] TEST: If you see this, monitoring is working!
[2025-11-16T07:24:20.976139] SUCCESS: Test complete
[2025-11-16T08:07:16.931677] TEST: Command Bridge connection test
[2025-11-16T08:07:16.932294] TEST: If you see this, monitoring is working!
[2025-11-16T08:07:16.932733] SUCCESS: Test complete
onitoring is working!
[2025-11-16T08:07:16.932983] SUCCESS: Test complete
[2025-11-16T09:13:39.750327] === AUTOCAD SESSION STARTED ===
[2025-11-16T09:13:39.750447] Time: 2025-Nov-16 09:04:39
[2025-11-16T09:13:39.750682] Drawing: Drawing1.dwg
[2025-11-16T09:13:39.750879] Time: 2025-Nov-16 09:04:39
=
[2025-11-16T09:13:39.750942] TEST: Command Bridge connection t[2025-11-16T09:13:39.751209] === COMMAND BRIDGE LOADED ===
25-11-16T09:13:39.751398] Drawing: Drawing1.dwg
[2025-11-16T09:13:39.751513] === COMMAND BRIDGE LOADED ===
[2025-11-16T09:13:39.751703] TEST: If you see this, monitoring is w[2025-11-[2025-11-16T09:13:39.751858] SUCCESS: Test complete
 is w[2025-11-16T09:13:39.751905] TEST: If you see this, monitoring is working!
[2025-11-16T09:13:39.752378] SUCCESS: Test complete
[2025-11-18T04:43:27.618818] === AUTOCAD SESSION STARTED ===
[2025-11-18T04:43:27.619637] Time: 2025-Nov-18 04:37:29
[2025-11-18T04:43:27.619955] Drawing: Drawing1.dwg
[2025-11-18T04:43:27.620017] === COMMAND BRIDGE LOADED ===
[2025-11-18T04:43:27.620066] TEST: Command Bridge connection test
[2025-11-18T04:43:27.620114] TEST: If you see this, monitoring is working!
[2025-11-18T04:43:27.620159] SUCCESS: Test complete
[2025-11-18T04:43:27.621403] === AUTOCAD SESSION STARTED ===
[2025-11-18T04:43:27.621530] Time: 2025-Nov-18 04:37:29
[2025-11-18T04:43:27.621657] Drawing: Drawing1.dwg
[2025-11-18T04:43:27.621712] === COMMAND BRIDGE LOADED ===
[2025-11-18T04:43:27.621758] TEST: Command Bridge connection test
[2025-11-18T04:43:27.621803] TEST: If you see this, monitoring is working!
[2025-11-18T04:43:27.621846] SUCCESS: Test complete
[2025-11-18T04:43:27.622086] === AUTOCAD SESSION STARTED ===
[2025-11-18T04:43:27.622232] Time: 2025-Nov-18 04:37:29
[2025-11-18T04:43:27.622427] Drawing: Drawing1.dwg
[2025-11-18T04:43:27.622618] === COMMAND BRIDGE LOADED ===
[2025-11-18T04:43:27.622847] TEST: Command Bridge connection test
[2025-11-18T04:43:27.622994] TEST: If you see this, monitoring is working!
[2025-11-18T04:43:27.623076] SUCCESS: Test complete
[2025-11-18T04:47:12.717634] === AUTOCAD SESSION STARTED ===
[2025-11-18T04:47:12.718383] Time: 2025-Nov-18 04:47:05
[2025-11-18T04:47:12.718569] Drawing: Drawing1.dwg
[2025-11-18T04:47:12.719102] === COMMAND BRIDGE LOADED ===
[2025-11-18T04:47:12.719467] === COMMAND BRIDGE LOADED ===
 test
[2025-11-18T04:47:12.719634] TEST: If you see this, monitoring is working!
18T04:47:12.719811] TEST: Command Bridge connection test
orking!
[2025-11-18T04:47:12.719854] SUCCESS: Test complete
[2025-11-18T04:47:12.720069] TEST: If you see this, monitoring is working!
[2025-11-18T04:47:12.720280] SUCCESS: Test complete
[2025-11-18T05:00:31.236862] === AUTOCAD SESSION STARTED ===
[2025-11-18T05:00:31.237013] Time: 2025-Nov-18 04:59:49
[2025-11-18T05:00:31.237120] Drawing: Drawing1.dwg
[2025-11-18T05:00:31.237172] === COMMAND BRIDGE LOADED ===
[2025-11-18T05:00:31.237214] TEST: Command Bridge connection test
[2025-11-18T05:00:31.237255] TEST: If you see this, monitoring is working!
[2025-11-18T05:00:31.237293] SUCCESS: Test complete
[2025-11-18T05:00:31.238266] === AUTOCAD SESSION STARTED ===
[2025-11-18T05:00:31.240148] Time: 2025-Nov-18 04:59:49
[2025-11-18T05:00:31.240378] Drawing: Drawing1.dwg
[2025-11-18T05:00:31.240405] === COMMAND BRIDGE LOADED ===
[2025-11-18T05:00:31.240452] TEST: Command Bridge connection test
[2025-11-18T05:00:31.240466] TEST: If you see this, monitoring is working!
[2025-11-18T05:00:31.240485] SUCCESS: Test complete
[2025-11-18T05:00:31.250244] === AUTOCAD SESSION STARTED ===
[2025-11-18T05:00:31.250278] Time: 2025-Nov-18 04:59:49
[2025-11-18T05:00:31.250286] Drawing: Drawing1.dwg
[2025-11-18T05:00:31.250312] === COMMAND BRIDGE LOADED ===
[2025-11-18T05:00:31.250364] TEST: Command Bridge connection test
[2025-11-18T05:00:31.250374] TEST: If you see this, monitoring is working!
[2025-11-18T05:00:31.250388] SUCCESS: Test complete
[2025-11-18T05:40:49.874681] === AUTOCAD SESSION STARTED ===
[2025-11-18T05:40:49.874814] === AUTOCAD SESSION STARTED ===
[2025-11-18T05:40:49.874907] Time: 2025-Nov-18 05:40:43
[2025-11-18T05:40:49.874931] Drawing: Drawing1.dwg
[2025-11-18T05:40:49.874852] Drawing: Drawing1.dwg
ED ===
[2025-11-18T05:40:49.874997] TEST: Command Bridge connection test
[2025-11-18T05:40:49.875018] TEST: If you see this, monitoring is working!
[2025-11-18T05:40:49.875028] === COMMAND BRIDGE LOADED ===
[2025-11-18T05:40:49.875073] TEST: Command Bridge connection test
[2025-11-18T05:40:49.875164] TEST: If you see this, monitoring is working!
[2025-11-18T05:40:49.875194] SUCCESS: Test complete
[2025-11-18T05:40:49.876992] === AUTOCAD SESSION STARTED ===
[2025-11-18T05:40:49.877017] Time: 2025-Nov-18 05:40:43
[2025-11-18T05:40:49.877026] Drawing: Drawing1.dwg
[2025-11-18T05:40:49.877033] === COMMAND BRIDGE LOADED ===
[2025-11-18T05:40:49.877041] TEST: Command Bridge connection test
[2025-11-18T05:40:49.877051] TEST: If you see this, monitoring is working!
[2025-11-18T05:40:49.877059] SUCCESS: Test complete
[2025-11-18T05:41:59.123850] TEST: Command Bridge connection test
[2025-11-18T05:41:59.123879] TEST: If you see this, monitoring is working!
[2025-11-18T05:41:59.123888] SUCCESS: Test complete
[2025-11-18T05:41:59.124184] TEST: Command Bridge connection test
[2025-11-18T05:41:59.124210] TEST: If you see this, monitoring is working!
[2025-11-18T05:41:59.124219] SUCCESS: Test complete
[2025-11-18T05:41:59.124269] TEST: Command Bridge connection test
[2025-11-18T05:41:59.124292] TEST: If you see this, monitoring is working!
[2025-11-18T05:41:59.124301] SUCCESS: Test complete
[2025-11-18T05:45:52.810124] TEST: Command Bridge connection test
[2025-11-18T05:45:52.810528] TEST: Command Bridge connection test
[2025-11-18T05:45:52.810555] TEST: If you see this, monitoring is working!
[2025-11-18T05:45:52.810828] SUCCESS: Test complete
[2025-11-18T05:45:52.810973] SUCCESS: Test complete
[2025-11-18T07:11:46.236091] === AUTOCAD SESSION STARTED ===
[2025-11-18T07:11:46.236136] Time: 2025-Nov-18 07:11:45
[2025-11-18T07:11:46.236151] Drawing: Drawing1.dwg
[2025-11-18T07:11:46.236160] === COMMAND BRIDGE LOADED ===
[2025-11-18T07:11:46.236313] → Command: RIBBON
[2025-11-18T07:11:46.239433] === AUTOCAD SESSION STARTED ===
[2025-11-18T07:11:46.239475] Time: 2025-Nov-18 07:11:45
[2025-11-18T07:11:46.239485] Drawing: Drawing1.dwg
[2025-11-18T07:11:46.239493] === COMMAND BRIDGE LOADED ===
[2025-11-18T07:11:46.239518] → Command: RIBBON
[2025-11-18T07:11:46.249894] === AUTOCAD SESSION STARTED ===
[2025-11-18T07:11:46.249921] Time: 2025-Nov-18 07:11:45
[2025-11-18T07:11:46.249937] Drawing: Drawing1.dwg
[2025-11-18T07:11:46.249946] === COMMAND BRIDGE LOADED ===
[2025-11-18T07:11:46.249978] → Command: RIBBON
[2025-11-18T07:11:47.139575] ✓ Command completed: RIBBON
[2025-11-18T07:11:47.143687] ✓ Command completed: RIBBON
[2025-11-18T07:11:47.153277] ✓ Command completed: RIBBON
[2025-11-18T07:11:47.240674] → Command: COMMANDLINE
[2025-11-18T07:11:47.240741] ✓ Command completed: COMMANDLINE
[2025-11-18T07:11:47.240784] → Command: LOGINITIALWORKSPACEESW
[2025-11-18T07:11:47.240819] ✓ Command completed: LOGINITIALWORKSPACEESW
[2025-11-18T07:11:47.244205] → Command: COMMANDLINE
[2025-11-18T07:11:47.244289] ✓ Command completed: COMMANDLINE
[2025-11-18T07:11:47.244312] → Command: LOGINITIALWORKSPACEESW
[2025-11-18T07:11:47.244351] ✓ Command completed: LOGINITIALWORKSPACEESW
[2025-11-18T07:11:47.253791] → Command: COMMANDLINE
[2025-11-18T07:11:47.253838] ✓ Command completed: COMMANDLINE
[2025-11-18T07:11:47.253859] → Command: LOGINITIALWORKSPACEESW
[2025-11-18T07:11:47.254260] ✓ Command completed: LOGINITIALWORKSPACEESW
[2025-11-18T07:11:47.743331] → Command: COMMANDMACROSCLOSE
[2025-11-18T07:11:47.746510] → Command: COMMANDMACROSCLOSE
[2025-11-18T07:11:47.756688] → Command: COMMANDMACROSCLOSE
[2025-11-18T07:11:47.844832] ✓ Command completed: COMMANDMACROSCLOSE
[2025-11-18T07:11:47.847042] ✓ Command completed: COMMANDMACROSCLOSE
[2025-11-18T07:11:47.857213] ✓ Command completed: COMMANDMACROSCLOSE
[2025-11-18T07:22:54.707162] → Command: QUIT
[2025-11-18T07:22:54.707232] ⚠ Error in command: QUIT (Error: 2)
[2025-11-18T07:22:54.728590] → Command: QUIT
[2025-11-18T07:22:54.728634] ⚠ Error in command: QUIT (Error: 2)
[2025-11-18T07:22:54.733468] → Command: QUIT
[2025-11-18T07:22:54.733517] ⚠ Error in command: QUIT (Error: 2)
[2025-11-18T07:23:06.963547] === AUTOCAD SESSION STARTED ===
[2025-11-18T07:23:06.963579] Time: 2025-Nov-18 07:23:05
[2025-11-18T07:23:06.963588] Drawing: Drawing1.dwg
[2025-11-18T07:23:06.963610] === COMMAND BRIDGE LOADED ===
[2025-11-18T07:23:06.963622] → Command: RIBBON
[2025-11-18T07:23:06.985776] === AUTOCAD SESSION STARTED ===
[2025-11-18T07:23:06.985805] Time: 2025-Nov-18 07:23:05
[2025-11-18T07:23:06.985842] Drawing: Drawing1.dwg
[2025-11-18T07:23:06.985853] === COMMAND BRIDGE LOADED ===
[2025-11-18T07:23:06.985873] → Command: RIBBON
[2025-11-18T07:23:06.995177] === AUTOCAD SESSION STARTED ===
[2025-11-18T07:23:06.995206] Time: 2025-Nov-18 07:23:05
[2025-11-18T07:23:06.995215] Drawing: Drawing1.dwg
[2025-11-18T07:23:06.995247] === COMMAND BRIDGE LOADED ===
[2025-11-18T07:23:06.995264] → Command: RIBBON
[2025-11-18T07:23:07.766468] ✓ Command completed: RIBBON
[2025-11-18T07:23:07.789111] ✓ Command completed: RIBBON
[2025-11-18T07:23:07.798472] ✓ Command completed: RIBBON
[2025-11-18T07:23:07.867181] → Command: COMMANDLINE
[2025-11-18T07:23:07.867208] ✓ Command completed: COMMANDLINE
[2025-11-18T07:23:07.867219] → Command: LOGINITIALWORKSPACEESW
[2025-11-18T07:23:07.867229] ✓ Command completed: LOGINITIALWORKSPACEESW
[2025-11-18T07:23:07.889720] → Command: COMMANDLINE
[2025-11-18T07:23:07.889747] ✓ Command completed: COMMANDLINE
[2025-11-18T07:23:07.889758] → Command: LOGINITIALWORKSPACEESW
[2025-11-18T07:23:07.889767] ✓ Command completed: LOGINITIALWORKSPACEESW
[2025-11-18T07:23:07.899434] → Command: COMMANDLINE
[2025-11-18T07:23:07.899463] ✓ Command completed: COMMANDLINE
[2025-11-18T07:23:07.899498] → Command: LOGINITIALWORKSPACEESW
[2025-11-18T07:23:07.899510] ✓ Command completed: LOGINITIALWORKSPACEESW
[2025-11-18T07:23:27.367069] === AUTOCAD SESSION STARTED ===
[2025-11-18T07:23:27.367098] Time: 2025-Nov-18 07:23:27
[2025-11-18T07:23:27.367107] Drawing: Drawing1.dwg
[2025-11-18T07:23:27.367122] === COMMAND BRIDGE LOADED ===
[2025-11-18T07:23:27.367147] → Command: COMMANDMACROSCLOSE
[2025-11-18T07:23:27.381439] === AUTOCAD SESSION STARTED ===
[2025-11-18T07:23:27.381468] Time: 2025-Nov-18 07:23:27
[2025-11-18T07:23:27.381477] Drawing: Drawing1.dwg
[2025-11-18T07:23:27.381494] === COMMAND BRIDGE LOADED ===
[2025-11-18T07:23:27.381508] → Command: COMMANDMACROSCLOSE
[2025-11-18T07:23:27.394293] === AUTOCAD SESSION STARTED ===
[2025-11-18T07:23:27.394343] Time: 2025-Nov-18 07:23:27
[2025-11-18T07:23:27.394352] Drawing: Drawing1.dwg
[2025-11-18T07:23:27.394360] === COMMAND BRIDGE LOADED ===
[2025-11-18T07:23:27.394374] → Command: COMMANDMACROSCLOSE
[2025-11-18T07:23:27.467788] ✓ Command completed: COMMANDMACROSCLOSE
[2025-11-18T07:23:27.482068] ✓ Command completed: COMMANDMACROSCLOSE
[2025-11-18T07:23:27.495201] ✓ Command completed: COMMANDMACROSCLOSE
[2025-11-18T07:25:52.044537] → Command: LINE
[2025-11-18T07:25:52.048996] → Command: LINE
[2025-11-18T07:25:52.052209] → Command: LINE
[2025-11-18T07:25:55.268414] ⚠ Error in command: LINE (Error: 2)
[2025-11-18T07:25:55.360504] ⚠ Error in command: LINE (Error: 2)
[2025-11-18T07:26:03.402001] → Command: LINE
[2025-11-18T07:26:03.418598] → Command: LINE
[2025-11-18T07:26:05.612820] ⚠ Error in command: LINE (Error: 2)
[2025-11-18T07:26:05.629399] ⚠ Error in command: LINE (Error: 2)
[2025-11-18T07:26:05.629887] ⚠ Error in command: LINE (Error: 2)
[2025-11-18T07:26:06.216376] → Command: LINE
[2025-11-18T07:26:06.231801] → Command: LINE
[2025-11-18T07:26:06.232309] → Command: LINE
[2025-11-18T07:26:08.845465] ⚠ Error in command: LINE (Error: 2)
[2025-11-18T07:26:08.927347] ⚠ Error in command: LINE (Error: 2)
[2025-11-18T07:26:53.134164] → Command: CIRCLE
[2025-11-18T07:26:53.162207] → Command: CIRCLE
[2025-11-18T07:26:58.161002] ⚠ Error in command: CIRCLE (Error: 2)
[2025-11-18T07:26:58.185159] ⚠ Error in command: CIRCLE (Error: 2)
[2025-11-18T07:26:58.189768] ⚠ Error in command: CIRCLE (Error: 2)
[2025-11-18T07:26:59.066087] → Command: CIRCLE
[2025-11-18T07:26:59.091907] → Command: CIRCLE
[2025-11-18T07:26:59.094456] → Command: CIRCLE
[2025-11-18T20:12:52.585335] → Command: QUIT
[2025-11-18T20:12:52.587984] → Command: QUIT
[2025-11-18T20:12:52.588739] → Command: QUIT
[2025-11-18T20:12:54.694252] ⚠ Error in command: QUIT (Error: 2)
[2025-11-18T20:12:54.697514] ⚠ Error in command: QUIT (Error: 2)
[2025-11-18T20:12:54.697662] ⚠ Error in command: QUIT (Error: 2)
[2025-11-18T20:13:36.102007] === AUTOCAD SESSION STARTED ===
[2025-11-18T20:13:36.102052] Time: 2025-Nov-18 20:13:35
[2025-11-18T20:13:36.102094] Drawing: Drawing1.dwg
[2025-11-18T20:13:36.102122] === COMMAND BRIDGE LOADED ===
[2025-11-18T20:13:36.102159] → Command: RIBBON
[2025-11-18T20:13:36.104685] === AUTOCAD SESSION STARTED ===
[2025-11-18T20:13:36.104711] === AUTOCAD SESSION STARTED ===
[2025-11-18T20:13:36.104736] Time: 2025-Nov-18 20:13:35
[2025-11-18T20:13:36.104739] Time: 2025-Nov-18 20:13:35
[2025-11-18T20:13:36.104754] Drawing: Drawing1.dwg
[2025-11-18T20:13:36.104760] Drawing: Drawing1.dwg
[2025-11-18T20:13:36.104771] === COMMAND BRIDGE LOADED ===
[2025-11-18T20:13:36.104778] === COMMAND BRIDGE LOADED ===
[2025-11-18T20:13:36.104793] → Command: RIBBON
[2025-11-18T20:13:36.104801] → Command: RIBBON
[2025-11-18T20:13:38.413536] ✓ Command completed: RIBBON
[2025-11-18T20:13:38.417741] ✓ Command completed: RIBBON
[2025-11-18T20:13:38.616117] → Command: COMMANDLINE
[2025-11-18T20:13:38.616165] ✓ Command completed: COMMANDLINE
[2025-11-18T20:13:38.616191] → Command: LOGINITIALWORKSPACEESW
[2025-11-18T20:13:38.618886] → Command: COMMANDLINE
[2025-11-18T20:13:38.618922] ✓ Command completed: COMMANDLINE
[2025-11-18T20:13:38.618950] → Command: LOGINITIALWORKSPACEESW
[2025-11-18T20:13:38.619008] → Command: COMMANDLINE
[2025-11-18T20:13:38.619099] ✓ Command completed: COMMANDLINE
[2025-11-18T20:13:38.619147] → Command: LOGINITIALWORKSPACEESW
[2025-11-18T20:13:38.717004] ✓ Command completed: LOGINITIALWORKSPACEESW
[2025-11-18T20:13:38.719796] ✓ Command completed: LOGINITIALWORKSPACEESW
[2025-11-18T20:13:38.719926] ✓ Command completed: LOGINITIALWORKSPACEESW
[2025-11-18T20:13:39.328770] → Command: COMMANDMACROSCLOSE
[2025-11-18T20:13:39.328876] → Command: COMMANDMACROSCLOSE
[2025-11-18T20:13:39.530457] ✓ Command completed: COMMANDMACROSCLOSE
[2025-11-18T20:13:39.531307] ✓ Command completed: COMMANDMACROSCLOSE
[2025-11-18T20:13:39.531358] ✓ Command completed: COMMANDMACROSCLOSE
[2025-11-18T20:21:54.402073] → Command: QUIT
[2025-11-18T20:21:54.402139] → Command: QUIT
[2025-11-18T20:21:54.479689] → Command: QUIT
[2025-11-18T20:21:55.886185] → Command cancelled: QUIT
[2025-11-18T20:21:55.909747] → Command cancelled: QUIT
[2025-11-18T20:21:55.909907] → Command cancelled: QUIT
[2025-11-18T20:29:26.283326] === AUTOCAD SESSION STARTED ===
[2025-11-18T20:29:26.283364] Time: 2025-Nov-18 20:29:25
[2025-11-18T20:29:26.283362] === AUTOCAD SESSION STARTED ===
[2025-11-18T20:29:26.283388] Drawing: Drawing1.dwg
[2025-11-18T20:29:26.283398] === COMMAND BRIDGE LOADED ===
[2025-11-18T20:29:26.283411] → Command: RIBBON
29:25
[2025-11-18T20:29:26.283427] Drawing: Drawing1.dwg
[2025-11-18T20:29:26.283493] === COMMAND BRIDGE LOADED ===
[2025-11-18T20:29:26.283541] → Command: RIBBON
[2025-11-18T20:29:26.350780] === AUTOCAD SESSION STARTED ===
[2025-11-18T20:29:26.350886] Time: 2025-Nov-18 20:29:25
[2025-11-18T20:29:26.350936] Drawing: Drawing1.dwg
[2025-11-18T20:29:26.350982] === COMMAND BRIDGE LOADED ===
[2025-11-18T20:29:26.351023] → Command: RIBBON
[2025-11-18T20:29:27.054866] ✓ Command completed: RIBBON
[2025-11-18T20:29:27.087861] ✓ Command completed: RIBBON
[2025-11-18T20:29:27.087901] ✓ Command completed: RIBBON
[2025-11-18T20:29:27.205434] → Command: COMMANDLINE
[2025-11-18T20:29:27.205487] ✓ Command completed: COMMANDLINE
[2025-11-18T20:29:27.205500] → Command: LOGINITIALWORKSPACEESW
[2025-11-18T20:29:27.205954] → Command: COMMANDLINE
[2025-11-18T20:29:27.205973] ✓ Command completed: COMMANDLINE
[2025-11-18T20:29:27.205984] → Command: LOGINITIALWORKSPACEESW
[2025-11-18T20:29:27.255615] → Command: COMMANDLINE
[2025-11-18T20:29:27.255644] ✓ Command completed: COMMANDLINE
[2025-11-18T20:29:27.255655] → Command: LOGINITIALWORKSPACEESW
[2025-11-18T20:29:27.255710] ✓ Command completed: LOGINITIALWORKSPACEESW
[2025-11-18T20:29:27.306039] ✓ Command completed: LOGINITIALWORKSPACEESW
[2025-11-18T20:29:27.306581] ✓ Command completed: LOGINITIALWORKSPACEESW
[2025-11-18T20:29:27.909188] → Command: COMMANDMACROSCLOSE
[2025-11-18T20:29:27.909940] → Command: COMMANDMACROSCLOSE
[2025-11-18T20:29:27.959904] → Command: COMMANDMACROSCLOSE
[2025-11-18T20:29:28.011350] ✓ Command completed: COMMANDMACROSCLOSE
[2025-11-18T20:29:28.011434] ✓ Command completed: COMMANDMACROSCLOSE
[2025-11-18T20:29:28.060797] ✓ Command completed: COMMANDMACROSCLOSE
[2025-11-18T20:34:40.400228] → Command: QUIT
[2025-11-18T20:34:40.404251] → Command: QUIT
[2025-11-18T20:34:40.405284] → Command: QUIT
[2025-11-18T20:34:41.806573] ✓ Command completed: QUIT
[2025-11-18T20:34:41.810717] ✓ Command completed: QUIT
[2025-11-18T20:34:41.812619] ✓ Command completed: QUIT
[2025-11-18T20:34:52.861894] === AUTOCAD SESSION STARTED ===
[2025-11-18T20:34:52.861924] Time: 2025-Nov-18 20:34:52
[2025-11-18T20:34:52.861932] Drawing: Drawing1.dwg
[2025-11-18T20:34:52.861940] === COMMAND BRIDGE LOADED ===
[2025-11-18T20:34:52.861951] → Command: RIBBON
[2025-11-18T20:34:52.862468] === AUTOCAD SESSION STARTED ===
[2025-11-18T20:34:52.862509] Time: 2025-Nov-18 20:34:52
[2025-11-18T20:34:52.862526] Drawing: Drawing1.dwg
[2025-11-18T20:34:52.862536] === COMMAND BRIDGE LOADED ===
[2025-11-18T20:34:52.862553] → Command: RIBBON
[2025-11-18T20:34:52.863594] === AUTOCAD SESSION STARTED ===
[2025-11-18T20:34:52.863650] Time: 2025-Nov-18 20:34:52
[2025-11-18T20:34:52.863672] Drawing: Drawing1.dwg
[2025-11-18T20:34:52.863693] === COMMAND BRIDGE LOADED ===
[2025-11-18T20:34:52.863708] → Command: RIBBON
[2025-11-18T20:34:53.667319] ✓ Command completed: RIBBON
[2025-11-18T20:34:53.667361] ✓ Command completed: RIBBON
[2025-11-18T20:34:53.667499] ✓ Command completed: RIBBON
[2025-11-18T20:34:53.869515] → Command: COMMANDLINE
[2025-11-18T20:34:53.869574] ✓ Command completed: COM[2025-11-1[2025-11-18T20:34:53.869633] → Command: COMMANDLINE
[2025-11-18T20:34:53.869666] → Command: LOGINITIALWORKSPACEESW
[2025-11-18T20:34:53.869682] ✓ Command completed: LOGINITIALWORKSPACEESW
[2025-11-18T20:34:53.869684] ✓ Command completed: COMMANDLINE
[2025-11-18T20:34:53.869698] ✓ Command completed: LOGINITIALWORKSPACEESW
[2025-11-18T20:34:53.869711] → Command: LOGINITIALWORKSPACEESW
[2025-11-18T20:34:53.869814] ✓ Command completed: LOGINITIALWORKSPACEESW
[2025-11-18T20:34:59.098577] === AUTOCAD SESSION STARTED ===
[2025-11-18T20:34:59.098600] Time: 2025-Nov-18 20:34:57
[2025-11-18T20:34:59.098608] Drawing: Drawing1.dwg
[2025-11-18T20:34:59.098622] Drawing: Drawing1.dwg
[2025-11-18T20:34:59.098627] === COMMAND BRIDGE LOADED ===
[2025-11-18T20:34:59.098641] → Command: COMMANDMACROSCLOSE
[2025-11-18T20:34:59.098660] === COMMAND BRIDGE LOADED ===
[2025-11-18T20:34:59.098674] → Command: COMMANDMACROSCLOSE
[2025-11-18T20:34:59.100059] === AUTOCAD SESSION STARTED ===
[2025-11-18T20:34:59.100077] Time: 2025-Nov-18 20:34:57
[2025-11-18T20:34:59.100085] Drawing: Drawing1.dwg
[2025-11-18T20:34:59.100093] === COMMAND BRIDGE LOADED ===
[2025-11-18T20:34:59.100102] → Command: COMMANDMACROSCLOSE
[2025-11-18T20:34:59.299659] ✓ Command completed: COMMANDMACROSCLOSE
[2025-11-18T20:34:59.301461] ✓ Command completed: COMMANDMACROSCLOSE
[2025-11-19T11:57:56.070266] → Command: QUIT
[2025-11-19T11:57:56.070483] → Command: QUIT
[2025-11-19T11:57:56.070650] → Command: QUIT
[2025-11-19T11:57:56.070886] ✓ Command completed: QUIT
[2025-11-19T11:57:56.070961] ✓ Command completed: QUIT
[2025-11-19T11:57:56.071008] ✓ Command completed: QUIT
